<?xml version="1.0" encoding="UTF-8"?>
<!-- Generated by org.testng.reporters.JUnitReportReporter -->
<testsuite skipped="0" hostname="DESKTOP-KRCKQJV" name="HomePage.Homepage" tests="2" failures="0" timestamp="2020-06-20T22:21:49 IST" time="82.208" errors="0">
  <testcase name="Pagenevigation" time="28.507" classname="HomePage.Homepage"/>
  <system-out/>
  <testcase name="Pagenevigation" time="53.701" classname="HomePage.Homepage"/>
  <system-out/>
</testsuite> <!-- HomePage.Homepage -->
