<?xml version="1.0" encoding="UTF-8"?>
<!-- Generated by org.testng.reporters.JUnitReportReporter -->
<testsuite skipped="0" hostname="DESKTOP-KRCKQJV" name="HomePage.Homepage" tests="2" failures="0" timestamp="2020-06-21T18:42:59 IST" time="69.063" errors="0">
  <testcase name="Pagenevigation" time="40.236" classname="HomePage.Homepage"/>
  <system-out/>
  <testcase name="Pagenevigation" time="28.827" classname="HomePage.Homepage"/>
  <system-out/>
</testsuite> <!-- HomePage.Homepage -->
